                                      1 ;--------------------------------------------------------
                                      2 ; File Created by SDCC : free open source ISO C Compiler 
                                      3 ; Version 4.2.2 #13350 (Linux)
                                      4 ;--------------------------------------------------------
                                      5 	.module main
                                      6 	.optsdcc -msm83
                                      7 	
                                      8 ;--------------------------------------------------------
                                      9 ; Public variables in this module
                                     10 ;--------------------------------------------------------
                                     11 	.globl _main
                                     12 	.globl _init_gfx
                                     13 	.globl b___func_blank_tile_data
                                     14 	.globl ___func_blank_tile_data
                                     15 	.globl b___func_logo_map
                                     16 	.globl ___func_logo_map
                                     17 	.globl b___func_logo_tiles_data
                                     18 	.globl ___func_logo_tiles_data
                                     19 	.globl _fill_bkg_rect
                                     20 	.globl _set_bkg_tiles
                                     21 	.globl _set_bkg_data
                                     22 	.globl _wait_vbl_done
                                     23 ;--------------------------------------------------------
                                     24 ; special function registers
                                     25 ;--------------------------------------------------------
                                     26 ;--------------------------------------------------------
                                     27 ; ram data
                                     28 ;--------------------------------------------------------
                                     29 	.area _DATA
                                     30 ;--------------------------------------------------------
                                     31 ; ram data
                                     32 ;--------------------------------------------------------
                                     33 	.area _INITIALIZED
                                     34 ;--------------------------------------------------------
                                     35 ; absolute external ram data
                                     36 ;--------------------------------------------------------
                                     37 	.area _DABS (ABS)
                                     38 ;--------------------------------------------------------
                                     39 ; global & static initialisations
                                     40 ;--------------------------------------------------------
                                     41 	.area _HOME
                                     42 	.area _GSINIT
                                     43 	.area _GSFINAL
                                     44 	.area _GSINIT
                                     45 ;--------------------------------------------------------
                                     46 ; Home
                                     47 ;--------------------------------------------------------
                                     48 	.area _HOME
                                     49 	.area _HOME
                                     50 ;--------------------------------------------------------
                                     51 ; code
                                     52 ;--------------------------------------------------------
                                     53 	.area _CODE
                                     54 ;src/main.c:6: INCBIN(logo_tiles_data, "res/gbdk2020.bin") // Variable name to use, Path to file
                                     55 ;	---------------------------------
                                     56 ; Function __func_logo_tiles_data
                                     57 ; ---------------------------------
                           000000    58 	b___func_logo_tiles_data	= 0
      000000                         59 ___func_logo_tiles_data::
      000000                         60 _logo_tiles_data::
      000000                         61 1$:
      000000 3F 3F 60 7F C0 C0 80    62 	.incbin "res/gbdk2020.bin" 
             C0 80 C0 80 C0 80 C0
             80 C0 FF FF 00 FF 00
             00 00 00 00 00 00 00
             00 00 00 00 FC FC 06
             FE 03 03 01 03 01 03
             01 03 01 03 01 03 80
             C0 83 C3 83 C7 83 C7
             83 C7 83 C7 83 C7 83
             C7 00 00 FF FF FF FF
             FF FF FF FF F8 FF FF
             F8 FF F8 00 00 FF FF
             FF FF FF FF FF FF 00
             FF FF 00 FF 00 00 00
             FF FF FF FF FF FF FF
             FF 0F FF EF 1F EF 1F
             01 03 C1 C3 C1 C3 C1
             C3 C1 C3 C1 C3 C1 C3
             C1 C3
      000320                         63 2$:
                           000320    64 	___size_logo_tiles_data = (2$-1$) 
                                     65 	.globl ___size_logo_tiles_data 
                                     66 	.local b___func_logo_tiles_data 
                           000000    67 	___bank_logo_tiles_data = b___func_logo_tiles_data 
                                     68 	.globl ___bank_logo_tiles_data 
                                     69 ;src/main.c:9: INCBIN(logo_map, "res/gbdk2020_map.bin")
                                     70 ;	---------------------------------
                                     71 ; Function __func_logo_map
                                     72 ; ---------------------------------
                           000000    73 	b___func_logo_map	= 0
      000320                         74 ___func_logo_map::
      000320                         75 _logo_map::
      000320                         76 1$:
      000320 00 01 01 01 01 01 02    77 	.incbin "res/gbdk2020_map.bin" 
             03 04 05 05 05 06 07
             08 09 0A 0A 0A 0B 0C
             0D 0E 0A 0A 0A 0B 0C
             0D 0E 0A 0A 0A 0B 0C
             0F 10 11 11 11 12 13
             14 15 15 15 15 15 16
             17 18 19 15 1A 1B 1C
             1D 1E 1F 15 20 21 22
             14 15 23 24 25 26 27
             14 15 28 29 2A 2B 2C
             2D 2E 2E 2E 2F 30 31
      000374                         78 2$:
                           000054    79 	___size_logo_map = (2$-1$) 
                                     80 	.globl ___size_logo_map 
                                     81 	.local b___func_logo_map 
                           000000    82 	___bank_logo_map = b___func_logo_map 
                                     83 	.globl ___bank_logo_map 
                                     84 ;src/main.c:12: INCBIN(blank_tile_data, "res/blanktile.bin")
                                     85 ;	---------------------------------
                                     86 ; Function __func_blank_tile_data
                                     87 ; ---------------------------------
                           000000    88 	b___func_blank_tile_data	= 0
      000374                         89 ___func_blank_tile_data::
      000374                         90 _blank_tile_data::
      000374                         91 1$:
      000374 00 00 00 00 00 00 00    92 	.incbin "res/blanktile.bin" 
             00 00 00 00 00 00 00
             00 00
      000384                         93 2$:
                           000010    94 	___size_blank_tile_data = (2$-1$) 
                                     95 	.globl ___size_blank_tile_data 
                                     96 	.local b___func_blank_tile_data 
                           000000    97 	___bank_blank_tile_data = b___func_blank_tile_data 
                                     98 	.globl ___bank_blank_tile_data 
                                     99 ;src/main.c:28: void init_gfx() {
                                    100 ;	---------------------------------
                                    101 ; Function init_gfx
                                    102 ; ---------------------------------
      000384                        103 _init_gfx::
                                    104 ;src/main.c:30: set_bkg_data(0x80u, 1u, blank_tile_data); // The first 0x80u here is the tile ID
      000384 11r74r03         [12]  105 	ld	de, #_blank_tile_data
      000387 D5               [16]  106 	push	de
      000388 21 80 01         [12]  107 	ld	hl, #0x180
      00038B E5               [16]  108 	push	hl
      00038C CDr00r00         [24]  109 	call	_set_bkg_data
      00038F E8 04            [16]  110 	add	sp, #4
                                    111 ;src/main.c:31: fill_bkg_rect(0u, 0u, 20u, 18u, 0x80u);   // The last 0x80u here is the tile ID 
      000391 21 12 80         [12]  112 	ld	hl, #0x8012
      000394 E5               [16]  113 	push	hl
      000395 3E 14            [ 8]  114 	ld	a, #0x14
      000397 F5               [16]  115 	push	af
      000398 33               [ 8]  116 	inc	sp
      000399 AF               [ 4]  117 	xor	a, a
      00039A 0F               [ 4]  118 	rrca
      00039B F5               [16]  119 	push	af
      00039C CDr00r00         [24]  120 	call	_fill_bkg_rect
      00039F E8 05            [16]  121 	add	sp, #5
                                    122 ;src/main.c:35: set_bkg_data(0u, INCBIN_SIZE(logo_tiles_data) / TILE_BYTES, logo_tiles_data);
      0003A1 01r00r00         [12]  123 	ld	bc, #_logo_tiles_data+0
      0003A4 11r00r00         [12]  124 	ld	de, #___size_logo_tiles_data+0
      0003A7 CB 3A            [ 8]  125 	srl	d
      0003A9 CB 1B            [ 8]  126 	rr	e
      0003AB CB 3A            [ 8]  127 	srl	d
      0003AD CB 1B            [ 8]  128 	rr	e
      0003AF CB 3A            [ 8]  129 	srl	d
      0003B1 CB 1B            [ 8]  130 	rr	e
      0003B3 CB 3A            [ 8]  131 	srl	d
      0003B5 CB 1B            [ 8]  132 	rr	e
      0003B7 7B               [ 4]  133 	ld	a, e
      0003B8 C5               [16]  134 	push	bc
      0003B9 67               [ 4]  135 	ld	h, a
      0003BA 2E 00            [ 8]  136 	ld	l, #0x00
      0003BC E5               [16]  137 	push	hl
      0003BD CDr00r00         [24]  138 	call	_set_bkg_data
      0003C0 E8 04            [16]  139 	add	sp, #4
                                    140 ;src/main.c:38: logo_map);
                                    141 ;src/main.c:36: set_bkg_tiles(LOGO_MAP_X, LOGO_MAP_Y,
      0003C2 11r20r03         [12]  142 	ld	de, #_logo_map
      0003C5 D5               [16]  143 	push	de
      0003C6 21 07 0C         [12]  144 	ld	hl, #0xc07
      0003C9 E5               [16]  145 	push	hl
      0003CA 21 06 03         [12]  146 	ld	hl, #0x306
      0003CD E5               [16]  147 	push	hl
      0003CE CDr00r00         [24]  148 	call	_set_bkg_tiles
      0003D1 E8 06            [16]  149 	add	sp, #6
                                    150 ;src/main.c:41: SHOW_BKG;
      0003D3 F0r00            [12]  151 	ldh	a, (_LCDC_REG + 0)
      0003D5 F6 01            [ 8]  152 	or	a, #0x01
      0003D7 E0r00            [12]  153 	ldh	(_LCDC_REG + 0), a
                                    154 ;src/main.c:42: }
      0003D9 C9               [16]  155 	ret
                                    156 ;src/main.c:46: void main(void)
                                    157 ;	---------------------------------
                                    158 ; Function main
                                    159 ; ---------------------------------
      0003DA                        160 _main::
                                    161 ;src/main.c:48: init_gfx();
      0003DA CDr84r03         [24]  162 	call	_init_gfx
                                    163 ;src/main.c:51: while(1) {
      0003DD                        164 00102$:
                                    165 ;src/main.c:56: wait_vbl_done();
      0003DD CDr00r00         [24]  166 	call	_wait_vbl_done
                                    167 ;src/main.c:58: }
      0003E0 18 FB            [12]  168 	jr	00102$
                                    169 	.area _CODE
                                    170 	.area _INITIALIZER
                                    171 	.area _CABS (ABS)
