                                      1 ;--------------------------------------------------------
                                      2 ; File Created by SDCC : free open source ISO C Compiler 
                                      3 ; Version 4.2.2 #13350 (Linux)
                                      4 ;--------------------------------------------------------
                                      5 	.module main
                                      6 	.optsdcc -msm83
                                      7 	
                                      8 ;--------------------------------------------------------
                                      9 ; Public variables in this module
                                     10 ;--------------------------------------------------------
                                     11 	.globl _main
                                     12 	.globl _printf
                                     13 ;--------------------------------------------------------
                                     14 ; special function registers
                                     15 ;--------------------------------------------------------
                                     16 ;--------------------------------------------------------
                                     17 ; ram data
                                     18 ;--------------------------------------------------------
                                     19 	.area _DATA
                                     20 ;--------------------------------------------------------
                                     21 ; ram data
                                     22 ;--------------------------------------------------------
                                     23 	.area _INITIALIZED
                                     24 ;--------------------------------------------------------
                                     25 ; absolute external ram data
                                     26 ;--------------------------------------------------------
                                     27 	.area _DABS (ABS)
                                     28 ;--------------------------------------------------------
                                     29 ; global & static initialisations
                                     30 ;--------------------------------------------------------
                                     31 	.area _HOME
                                     32 	.area _GSINIT
                                     33 	.area _GSFINAL
                                     34 	.area _GSINIT
                                     35 ;--------------------------------------------------------
                                     36 ; Home
                                     37 ;--------------------------------------------------------
                                     38 	.area _HOME
                                     39 	.area _HOME
                                     40 ;--------------------------------------------------------
                                     41 ; code
                                     42 ;--------------------------------------------------------
                                     43 	.area _CODE
                                     44 ;src/main.c:4: void main()
                                     45 ;	---------------------------------
                                     46 ; Function main
                                     47 ; ---------------------------------
      000000                         48 _main::
                                     49 ;src/main.c:6: while (1)
      000000                         50 00102$:
                                     51 ;src/main.c:8: printf("Hello World");
      000000 11r0Ar00         [12]   52 	ld	de, #___str_0
      000003 D5               [16]   53 	push	de
      000004 CDr00r00         [24]   54 	call	_printf
      000007 E1               [12]   55 	pop	hl
                                     56 ;src/main.c:10: }
      000008 18 F6            [12]   57 	jr	00102$
      00000A                         58 ___str_0:
      00000A 48 65 6C 6C 6F 20 57    59 	.ascii "Hello World"
             6F 72 6C 64
      000015 00                      60 	.db 0x00
                                     61 	.area _CODE
                                     62 	.area _INITIALIZER
                                     63 	.area _CABS (ABS)
